<?xml version="1.0" encoding="UTF-8"?>
<!-- Generated by org.testng.reporters.JUnitReportReporter -->
<testsuite skipped="0" hostname="DESKTOP-UQF6KI9" name="Demo.TESTCASE" tests="1" failures="0" timestamp="2020-02-26T16:02:25 PKT" time="63.529" errors="0">
  <testcase name="main" time="63.529" classname="Demo.TESTCASE"/>
</testsuite> <!-- Demo.TESTCASE -->
